#
# There is insufficient memory for the Java Runtime Environment to continue.
# Native memory allocation (malloc) failed to allocate 16384 bytes for AllocateHeap
# Possible reasons:
#   The system is out of physical RAM or swap space
#   In 32 bit mode, the process size limit was hit
# Possible solutions:
#   Reduce memory load on the system
#   Increase physical memory or swap space
#   Check if swap backing store is full
#   Use 64 bit Java on a 64 bit OS
#   Decrease Java heap size (-Xmx/-Xms)
#   Decrease number of Java threads
#   Decrease Java thread stack sizes (-Xss)
#   Set larger code cache with -XX:ReservedCodeCacheSize=
# This output file may be truncated or incomplete.
#
#  Out of Memory Error (memory/allocation.inline.hpp:62), pid=8532, tid=6512
#
# JRE version: Java(TM) SE Runtime Environment (8.0_25-b18) (build 1.8.0_25-b18)
# Java VM: Java HotSpot(TM) 64-Bit Server VM (25.25-b02 mixed mode windows-amd64 compressed oops)
# Failed to write core dump. Minidumps are not enabled by default on client versions of Windows
#

---------------  T H R E A D  ---------------

Current thread (0x0000000001fc8000):  JavaThread "main" [_thread_in_vm, id=6512, stack(0x0000000002230000,0x0000000002330000)]

Stack: [0x0000000002230000,0x0000000002330000]
Native frames: (J=compiled Java code, j=interpreted, Vv=VM code, C=native code)
V  [jvm.dll+0x31667a]

Java frames: (J=compiled Java code, j=interpreted, Vv=VM code)
j  java.lang.Throwable.printStackTrace(Ljava/io/PrintStream;)V+1
j  java.lang.Throwable.printStackTrace()V+4
v  ~StubRoutines::call_stub

---------------  P R O C E S S  ---------------

Java Threads: ( => current thread )
  0x00000000568d9000 JavaThread "Service Thread" daemon [_thread_blocked, id=7212, stack(0x0000000056e40000,0x0000000056f40000)]
  0x00000000568c4800 JavaThread "C1 CompilerThread2" daemon [_thread_blocked, id=4240, stack(0x0000000055d40000,0x0000000055e40000)]
  0x00000000568c4000 JavaThread "C2 CompilerThread1" daemon [_thread_blocked, id=9032, stack(0x0000000056660000,0x0000000056760000)]
  0x0000000054f27000 JavaThread "C2 CompilerThread0" daemon [_thread_blocked, id=7932, stack(0x0000000056780000,0x0000000056880000)]
  0x0000000054f24800 JavaThread "Attach Listener" daemon [_thread_blocked, id=6920, stack(0x0000000056550000,0x0000000056650000)]
  0x0000000054f21000 JavaThread "Signal Dispatcher" daemon [_thread_blocked, id=7748, stack(0x00000000563a0000,0x00000000564a0000)]
  0x0000000054ebf000 JavaThread "Finalizer" daemon [_thread_blocked, id=5892, stack(0x0000000056180000,0x0000000056280000)]
  0x0000000054ebb800 JavaThread "Reference Handler" daemon [_thread_blocked, id=6500, stack(0x0000000056030000,0x0000000056130000)]
=>0x0000000001fc8000 JavaThread "main" [_thread_in_vm, id=6512, stack(0x0000000002230000,0x0000000002330000)]

Other Threads:
  0x0000000054eb6000 VMThread [stack: 0x0000000055e70000,0x0000000055f70000] [id=9824]
  0x00000000568de800 WatcherThread [stack: 0x0000000056fa0000,0x00000000570a0000] [id=4836]

VM state:not at safepoint (normal execution)

VM Mutex/Monitor currently owned by a thread:  ([mutex/lock_event])
[0x000000000027d1d0] SystemDictionary_lock - owner thread: 0x0000000001fc8000
[0x000000000027e480] Compile_lock - owner thread: 0x0000000001fc8000

Heap:
 PSYoungGen      total 17920K, used 921K [0x00000000eab00000, 0x00000000ebf00000, 0x0000000100000000)
  eden space 15360K, 6% used [0x00000000eab00000,0x00000000eabe66a8,0x00000000eba00000)
  from space 2560K, 0% used [0x00000000ebc80000,0x00000000ebc80000,0x00000000ebf00000)
  to   space 2560K, 0% used [0x00000000eba00000,0x00000000eba00000,0x00000000ebc80000)
 ParOldGen       total 40960K, used 0K [0x00000000c0000000, 0x00000000c2800000, 0x00000000eab00000)
  object space 40960K, 0% used [0x00000000c0000000,0x00000000c0000000,0x00000000c2800000)
 Metaspace       used 2603K, capacity 4480K, committed 4480K, reserved 1056768K
  class space    used 285K, capacity 384K, committed 384K, reserved 1048576K

Card table byte_map: [0x00000000119c0000,0x0000000011bd0000] byte_map_base: 0x00000000113c0000

Marking Bits: (ParMarkBitMap*) 0x000000006306d490
 Begin Bits: [0x0000000012330000, 0x0000000013330000)
 End Bits:   [0x0000000013330000, 0x0000000014330000)

Polling page: 0x0000000000230000

CodeCache: size=245760Kb used=1132Kb max_used=1132Kb free=244627Kb
 bounds [0x0000000002600000, 0x0000000002870000, 0x0000000011600000]
 total_blobs=270 nmethods=35 adapters=150
 compilation: enabled

Compilation events (10 events):
Event: 0.221 Thread 0x00000000568c4800   31       3       java.util.HashMap::hash (20 bytes)
Event: 0.221 Thread 0x00000000568c4800 nmethod 31 0x0000000002719090 code [0x0000000002719200, 0x0000000002719448]
Event: 0.224 Thread 0x00000000568c4800   34       3       java.util.zip.CRC32::update (16 bytes)
Event: 0.224 Thread 0x00000000568c4800 nmethod 34 0x0000000002719910 code [0x0000000002719a60, 0x0000000002719bf0]
Event: 0.224 Thread 0x00000000568c4800   32  s    3       java.io.ByteArrayInputStream::read (36 bytes)
Event: 0.225 Thread 0x00000000568c4800 nmethod 32 0x0000000002719c90 code [0x0000000002719e00, 0x000000000271a130]
Event: 0.225 Thread 0x00000000568c4800   33       3       java.io.DataInputStream::readByte (23 bytes)
Event: 0.225 Thread 0x00000000568c4800 nmethod 33 0x000000000271a250 code [0x000000000271a3e0, 0x000000000271a6b8]
Event: 0.225 Thread 0x00000000568c4800   35       3       sun.util.calendar.ZoneInfoFile$Checksum::update (39 bytes)
Event: 0.225 Thread 0x00000000568c4800 nmethod 35 0x000000000271a7d0 code [0x000000000271a940, 0x000000000271ac30]

GC Heap History (0 events):
No events

Deoptimization events (0 events):
No events

Internal exceptions (5 events):
Event: 0.078 Thread 0x0000000001fc8000 Exception <a 'java/lang/NoSuchMethodError': Method sun.misc.Unsafe.defineClass(Ljava/lang/String;[BII)Ljava/lang/Class; name or signature does not match> (0x00000000eab0cbe0) thrown at [D:\re\workspace\8-2-build-windows-amd64-cygwin\jdk8u25\1677\hotspot\srüï-vT¥?
Event: 0.079 Thread 0x0000000001fc8000 Exception <a 'java/lang/NoSuchMethodError': Method sun.misc.Unsafe.prefetchRead(Ljava/lang/Object;J)V name or signature does not match> (0x00000000eab0ce70) thrown at [D:\re\workspace\8-2-build-windows-amd64-cygwin\jdk8u25\1677\hotspot\src\share\vm\prims\jzm„7€»?
Event: 0.194 Thread 0x0000000001fc8000 Exception <a 'java/security/PrivilegedActionException'> (0x00000000eab5f318) thrown at [D:\re\workspace\8-2-build-windows-amd64-cygwin\jdk8u25\1677\hotspot\src\share\vm\prims\jvm.cpp, line 1312]
Event: 0.225 Thread 0x0000000001fc8000 Exception <a 'java/lang/OutOfMemoryError'> (0x00000000eab95d40) thrown at [D:\re\workspace\8-2-build-windows-amd64-cygwin\jdk8u25\1677\hotspot\src\share\vm\prims\jni.cpp, line 742]
Event: 0.226 Thread 0x0000000001fc8000 Exception <a 'java/lang/OutOfMemoryError'> (0x00000000eab95d40) thrown at [D:\re\workspace\8-2-build-windows-amd64-cygwin\jdk8u25\1677\hotspot\src\share\vm\prims\jvm.cpp, line 1316]

Events (10 events):
Event: 0.224 loading class java/util/zip/ZipFile$ZipFileInputStream done
Event: 0.224 loading class java/util/zip/Inflater
Event: 0.224 loading class java/util/zip/Inflater done
Event: 0.225 loading class java/util/zip/ZStreamRef
Event: 0.225 loading class java/util/zip/ZStreamRef done
Event: 0.225 loading class java/io/IOException
Event: 0.226 loading class java/io/IOException done
Event: 0.226 loading class java/lang/Throwable$WrappedPrintStream
Event: 0.229 loading class java/lang/Throwable$PrintStreamOrWriter
Event: 0.229 loading class java/lang/Throwable$PrintStreamOrWriter done


Dynamic libraries:
0x000000013f8f0000 - 0x000000013f924000 	C:\Program Files\Java\jdk1.8.0_25\bin\java.exe
0x0000000077030000 - 0x00000000771d9000 	C:\Windows\SYSTEM32\ntdll.dll
0x0000000076f10000 - 0x000000007702f000 	C:\Windows\system32\kernel32.dll
0x000007fefd0f0000 - 0x000007fefd15c000 	C:\Windows\system32\KERNELBASE.dll
0x000007fefe520000 - 0x000007fefe5fb000 	C:\Windows\system32\ADVAPI32.dll
0x000007fefeb60000 - 0x000007fefebff000 	C:\Windows\system32\msvcrt.dll
0x000007fefdf80000 - 0x000007fefdf9f000 	C:\Windows\SYSTEM32\sechost.dll
0x000007fefe600000 - 0x000007fefe72d000 	C:\Windows\system32\RPCRT4.dll
0x0000000076e10000 - 0x0000000076f0a000 	C:\Windows\system32\USER32.dll
0x000007fefeca0000 - 0x000007fefed07000 	C:\Windows\system32\GDI32.dll
0x000007fefd1b0000 - 0x000007fefd1be000 	C:\Windows\system32\LPK.dll
0x000007fefea90000 - 0x000007fefeb59000 	C:\Windows\system32\USP10.dll
0x000007fefb720000 - 0x000007fefb914000 	C:\Windows\WinSxS\amd64_microsoft.windows.common-controls_6595b64144ccf1df_6.0.7601.18837_none_fa3b1e3d17594757\COMCTL32.dll
0x000007fefe9b0000 - 0x000007fefea21000 	C:\Windows\system32\SHLWAPI.dll
0x000007fefd1c0000 - 0x000007fefd1ee000 	C:\Windows\system32\IMM32.DLL
0x000007feff230000 - 0x000007feff339000 	C:\Windows\system32\MSCTF.dll
0x0000000074b30000 - 0x0000000074b68000 	C:\PROGRA~2\Sophos\SOPHOS~1\SOPHOS~2.DLL
0x00000000771f0000 - 0x00000000771f7000 	C:\Windows\system32\PSAPI.DLL
0x0000000065d80000 - 0x0000000065e52000 	C:\Program Files\Java\jdk1.8.0_25\jre\bin\msvcr100.dll
0x0000000062890000 - 0x00000000630ea000 	C:\Program Files\Java\jdk1.8.0_25\jre\bin\server\jvm.dll
0x000007fef9d00000 - 0x000007fef9d09000 	C:\Windows\system32\WSOCK32.dll
0x000007fefdfa0000 - 0x000007fefdfed000 	C:\Windows\system32\WS2_32.dll
0x000007fefd1a0000 - 0x000007fefd1a8000 	C:\Windows\system32\NSI.dll
0x000007fef7b60000 - 0x000007fef7b9b000 	C:\Windows\system32\WINMM.dll
0x0000000068ab0000 - 0x0000000068abf000 	C:\Program Files\Java\jdk1.8.0_25\jre\bin\verify.dll
0x0000000068a80000 - 0x0000000068aa8000 	C:\Program Files\Java\jdk1.8.0_25\jre\bin\java.dll
0x0000000068a60000 - 0x0000000068a76000 	C:\Program Files\Java\jdk1.8.0_25\jre\bin\zip.dll
0x000007fefd1f0000 - 0x000007fefdf79000 	C:\Windows\system32\SHELL32.dll
0x000007feff020000 - 0x000007feff223000 	C:\Windows\system32\ole32.dll
0x000007fefcde0000 - 0x000007fefcdef000 	C:\Windows\system32\profapi.dll

VM Arguments:
jvm_args: -Xmx1024M -Dfile.encoding=windows-1252 -Duser.country=US -Duser.language=en -Duser.variant 
java_command: com.android.dx.command.Main --dex --output C:\Users\mnjy\hackmit\app\build\intermediates\pre-dexed\debug\classes-5dc5b5f030f2ae7e774bfb98fd518a42e7546d0c.jar C:\Users\mnjy\hackmit\app\build\intermediates\exploded-aar\com.android.support\appcompat-v7\22.0.0\jars\classes.jar
java_class_path (initial): C:\Users\mnjy\AndroidSDK\build-tools\19.1.0\lib\dx.jar
Launcher Type: SUN_STANDARD

Environment Variables:



---------------  S Y S T E M  ---------------

OS: Windows 7 , 64 bit Build 7601 Service Pack 1

CPU:total 4 (2 cores per cpu, 2 threads per core) family 6 model 69 stepping 1, cmov, cx8, fxsr, mmx, sse, sse2, sse3, ssse3, sse4.1, sse4.2, popcnt, avx, avx2, aes, clmul, erms, lzcnt, ht, tsc, tscinvbit, bmi1, bmi2

Memory: 4k page, physical 3890992k(438292k free), swap 4940916k(5092k free)

vm_info: Java HotSpot(TM) 64-Bit Server VM (25.25-b02) for windows-amd64 JRE (1.8.0_25-b18), built on Oct  7 2014 14:25:37 by "java_re" with MS VC++ 10.0 (VS2010)

time: Sat Sep 19 22:14:32 2015
elapsed time: 0 seconds (0d 0h 0m 0s)

