#
# There is insufficient memory for the Java Runtime Environment to continue.
# Native memory allocation (malloc) failed to allocate 131088 bytes for Chunk::new
# Possible reasons:
#   The system is out of physical RAM or swap space
#   In 32 bit mode, the process size limit was hit
# Possible solutions:
#   Reduce memory load on the system
#   Increase physical memory or swap space
#   Check if swap backing store is full
#   Use 64 bit Java on a 64 bit OS
#   Decrease Java heap size (-Xmx/-Xms)
#   Decrease number of Java threads
#   Decrease Java thread stack sizes (-Xss)
#   Set larger code cache with -XX:ReservedCodeCacheSize=
# This output file may be truncated or incomplete.
#
#  Out of Memory Error (allocation.cpp:390), pid=6836, tid=4144
#
# JRE version: Java(TM) SE Runtime Environment (8.0_25-b18) (build 1.8.0_25-b18)
# Java VM: Java HotSpot(TM) 64-Bit Server VM (25.25-b02 mixed mode windows-amd64 compressed oops)
# Failed to write core dump. Minidumps are not enabled by default on client versions of Windows
#

---------------  T H R E A D  ---------------

Current thread (0x00000000565b2000):  JavaThread "C2 CompilerThread0" daemon [_thread_in_native, id=4144, stack(0x0000000056b10000,0x0000000056c10000)]

Stack: [0x0000000056b10000,0x0000000056c10000]
Native frames: (J=compiled Java code, j=interpreted, Vv=VM code, C=native code)
V  [jvm.dll+0x31667a]


Current CompileTask:
C2:   4532 1636       4       com.android.dx.ssa.SsaMethod::forEachBlockDepthFirst (194 bytes)


---------------  P R O C E S S  ---------------

Java Threads: ( => current thread )
  0x0000000056604800 JavaThread "Service Thread" daemon [_thread_blocked, id=7216, stack(0x0000000057100000,0x0000000057200000)]
  0x0000000056601800 JavaThread "C1 CompilerThread2" daemon [_thread_blocked, id=4932, stack(0x0000000056f40000,0x0000000057040000)]
  0x00000000565b6000 JavaThread "C2 CompilerThread1" daemon [_thread_in_native, id=3908, stack(0x0000000056d80000,0x0000000056e80000)]
=>0x00000000565b2000 JavaThread "C2 CompilerThread0" daemon [_thread_in_native, id=4144, stack(0x0000000056b10000,0x0000000056c10000)]
  0x0000000054fc4800 JavaThread "Attach Listener" daemon [_thread_blocked, id=5872, stack(0x00000000569e0000,0x0000000056ae0000)]
  0x0000000054fc1000 JavaThread "Signal Dispatcher" daemon [_thread_blocked, id=10416, stack(0x0000000056000000,0x0000000056100000)]
  0x0000000054f5f000 JavaThread "Finalizer" daemon [_thread_blocked, id=5900, stack(0x00000000564b0000,0x00000000565b0000)]
  0x0000000054f5b800 JavaThread "Reference Handler" daemon [_thread_blocked, id=8172, stack(0x0000000056370000,0x0000000056470000)]
  0x0000000001fe8000 JavaThread "main" [_thread_in_Java, id=748, stack(0x0000000002450000,0x0000000002550000)]

Other Threads:
  0x0000000054f56000 VMThread [stack: 0x0000000056170000,0x0000000056270000] [id=8264]
  0x0000000056609800 WatcherThread [stack: 0x0000000057300000,0x0000000057400000] [id=9776]

VM state:not at safepoint (normal execution)

VM Mutex/Monitor currently owned by a thread: None

Heap:
 PSYoungGen      total 33280K, used 14818K [0x00000000eab00000, 0x00000000ef500000, 0x0000000100000000)
  eden space 30720K, 39% used [0x00000000eab00000,0x00000000eb6fc5a8,0x00000000ec900000)
  from space 2560K, 99% used [0x00000000ec900000,0x00000000ecb7c2d8,0x00000000ecb80000)
  to   space 7168K, 0% used [0x00000000eee00000,0x00000000eee00000,0x00000000ef500000)
 ParOldGen       total 40960K, used 12614K [0x00000000c0000000, 0x00000000c2800000, 0x00000000eab00000)
  object space 40960K, 30% used [0x00000000c0000000,0x00000000c0c51a60,0x00000000c2800000)
 Metaspace       used 5747K, capacity 6960K, committed 7040K, reserved 1056768K
  class space    used 546K, capacity 616K, committed 640K, reserved 1048576K

Card table byte_map: [0x0000000011be0000,0x0000000011df0000] byte_map_base: 0x00000000115e0000

Marking Bits: (ParMarkBitMap*) 0x000000006306d490
 Begin Bits: [0x00000000123d0000, 0x00000000133d0000)
 End Bits:   [0x00000000133d0000, 0x00000000143d0000)

Polling page: 0x0000000000330000

CodeCache: size=245760Kb used=6596Kb max_used=6606Kb free=239163Kb
 bounds [0x0000000002820000, 0x0000000002ea0000, 0x0000000011820000]
 total_blobs=1876 nmethods=1616 adapters=173
 compilation: disabled (not enough contiguous free space left)

Compilation events (10 events):
Event: 4.509 Thread 0x00000000565b6000 nmethod 1633 0x0000000002e72410 code [0x0000000002e72560, 0x0000000002e72918]
Event: 4.509 Thread 0x00000000565b6000 1637       4       com.android.dx.ssa.SsaRenamer$BlockRenamer$RenamingMapper::map (28 bytes)
Event: 4.510 Thread 0x0000000056601800 1650       2       com.android.dx.dex.code.BlockAddresses::getStart (7 bytes)
Event: 4.510 Thread 0x0000000056601800 nmethod 1650 0x0000000002e75890 code [0x0000000002e759e0, 0x0000000002e75b50]
Event: 4.511 Thread 0x00000000565b6000 nmethod 1637 0x0000000002e75490 code [0x0000000002e755e0, 0x0000000002e756c8]
Event: 4.511 Thread 0x00000000565b6000 1651       4       com.android.dx.dex.code.RopTranslator$LocalVariableAwareTranslationVisitor::addIntroductionIfNecessary (30 bytes)
Event: 4.512 Thread 0x0000000056601800 1652       2       com.android.dx.rop.code.CstInsn::contentEquals (31 bytes)
Event: 4.512 Thread 0x0000000056601800 nmethod 1652 0x0000000002e75010 code [0x0000000002e75180, 0x0000000002e75398]
Event: 4.512 Thread 0x0000000056601800 1653   !   2       com.android.dx.cf.direct.MemberListParser::parse (641 bytes)
Event: 4.526 Thread 0x0000000056601800 


GC Heap History (10 events):
Event: 1.291 GC heap before
{Heap before GC invocations=1 (full 0):
 PSYoungGen      total 17920K, used 15360K [0x00000000eab00000, 0x00000000ebf00000, 0x0000000100000000)
  eden space 15360K, 100% used [0x00000000eab00000,0x00000000eba00000,0x00000000eba00000)
  from space 2560K, 0% used [0x00000000ebc80000,0x00000000ebc80000,0x00000000ebf00000)
  to   space 2560K, 0% used [0x00000000eba00000,0x00000000eba00000,0x00000000ebc80000)
 ParOldGen       total 40960K, used 0K [0x00000000c0000000, 0x00000000c2800000, 0x00000000eab00000)
  object space 40960K, 0% used [0x00000000c0000000,0x00000000c0000000,0x00000000c2800000)
 Metaspace       used 5329K, capacity 6640K, committed 6784K, reserved 1056768K
  class space    used 540K, capacity 616K, committed 640K, reserved 1048576K
Event: 1.301 GC heap after
Heap after GC invocations=1 (full 0):
 PSYoungGen      total 17920K, used 2538K [0x00000000eab00000, 0x00000000ebf00000, 0x0000000100000000)
  eden space 15360K, 0% used [0x00000000eab00000,0x00000000eab00000,0x00000000eba00000)
  from space 2560K, 99% used [0x00000000eba00000,0x00000000ebc7aaa8,0x00000000ebc80000)
  to   space 2560K, 0% used [0x00000000ebc80000,0x00000000ebc80000,0x00000000ebf00000)
 ParOldGen       total 40960K, used 1355K [0x00000000c0000000, 0x00000000c2800000, 0x00000000eab00000)
  object space 40960K, 3% used [0x00000000c0000000,0x00000000c0152e28,0x00000000c2800000)
 Metaspace       used 5329K, capacity 6640K, committed 6784K, reserved 1056768K
  class space    used 540K, capacity 616K, committed 640K, reserved 1048576K
}
Event: 1.865 GC heap before
{Heap before GC invocations=2 (full 0):
 PSYoungGen      total 17920K, used 17898K [0x00000000eab00000, 0x00000000ebf00000, 0x0000000100000000)
  eden space 15360K, 100% used [0x00000000eab00000,0x00000000eba00000,0x00000000eba00000)
  from space 2560K, 99% used [0x00000000eba00000,0x00000000ebc7aaa8,0x00000000ebc80000)
  to   space 2560K, 0% used [0x00000000ebc80000,0x00000000ebc80000,0x00000000ebf00000)
 ParOldGen       total 40960K, used 1355K [0x00000000c0000000, 0x00000000c2800000, 0x00000000eab00000)
  object space 40960K, 3% used [0x00000000c0000000,0x00000000c0152e28,0x00000000c2800000)
 Metaspace       used 5610K, capacity 6896K, committed 7040K, reserved 1056768K
  class space    used 545K, capacity 616K, committed 640K, reserved 1048576K
Event: 1.876 GC heap after
Heap after GC invocations=2 (full 0):
 PSYoungGen      total 17920K, used 2538K [0x00000000eab00000, 0x00000000ece00000, 0x0000000100000000)
  eden space 15360K, 0% used [0x00000000eab00000,0x00000000eab00000,0x00000000eba00000)
  from space 2560K, 99% used [0x00000000ebc80000,0x00000000ebefaab8,0x00000000ebf00000)
  to   space 2560K, 0% used [0x00000000eba00000,0x00000000eba00000,0x00000000ebc80000)
 ParOldGen       total 40960K, used 3632K [0x00000000c0000000, 0x00000000c2800000, 0x00000000eab00000)
  object space 40960K, 8% used [0x00000000c0000000,0x00000000c038c328,0x00000000c2800000)
 Metaspace       used 5610K, capacity 6896K, committed 7040K, reserved 1056768K
  class space    used 545K, capacity 616K, committed 640K, reserved 1048576K
}
Event: 2.019 GC heap before
{Heap before GC invocations=3 (full 0):
 PSYoungGen      total 17920K, used 17898K [0x00000000eab00000, 0x00000000ece00000, 0x0000000100000000)
  eden space 15360K, 100% used [0x00000000eab00000,0x00000000eba00000,0x00000000eba00000)
  from space 2560K, 99% used [0x00000000ebc80000,0x00000000ebefaab8,0x00000000ebf00000)
  to   space 2560K, 0% used [0x00000000eba00000,0x00000000eba00000,0x00000000ebc80000)
 ParOldGen       total 40960K, used 3632K [0x00000000c0000000, 0x00000000c2800000, 0x00000000eab00000)
  object space 40960K, 8% used [0x00000000c0000000,0x00000000c038c328,0x00000000c2800000)
 Metaspace       used 5630K, capacity 6896K, committed 7040K, reserved 1056768K
  class space    used 546K, capacity 616K, committed 640K, reserved 1048576K
Event: 2.057 GC heap after
Heap after GC invocations=3 (full 0):
 PSYoungGen      total 17920K, used 2547K [0x00000000eab00000, 0x00000000ece00000, 0x0000000100000000)
  eden space 15360K, 0% used [0x00000000eab00000,0x00000000eab00000,0x00000000eba00000)
  from space 2560K, 99% used [0x00000000eba00000,0x00000000ebc7cc58,0x00000000ebc80000)
  to   space 2560K, 0% used [0x00000000ecb80000,0x00000000ecb80000,0x00000000ece00000)
 ParOldGen       total 40960K, used 5883K [0x00000000c0000000, 0x00000000c2800000, 0x00000000eab00000)
  object space 40960K, 14% used [0x00000000c0000000,0x00000000c05bee20,0x00000000c2800000)
 Metaspace       used 5630K, capacity 6896K, committed 7040K, reserved 1056768K
  class space    used 546K, capacity 616K, committed 640K, reserved 1048576K
}
Event: 2.355 GC heap before
{Heap before GC invocations=4 (full 0):
 PSYoungGen      total 17920K, used 17907K [0x00000000eab00000, 0x00000000ece00000, 0x0000000100000000)
  eden space 15360K, 100% used [0x00000000eab00000,0x00000000eba00000,0x00000000eba00000)
  from space 2560K, 99% used [0x00000000eba00000,0x00000000ebc7cc58,0x00000000ebc80000)
  to   space 2560K, 0% used [0x00000000ecb80000,0x00000000ecb80000,0x00000000ece00000)
 ParOldGen       total 40960K, used 5883K [0x00000000c0000000, 0x00000000c2800000, 0x00000000eab00000)
  object space 40960K, 14% used [0x00000000c0000000,0x00000000c05bee20,0x00000000c2800000)
 Metaspace       used 5667K, capacity 6896K, committed 7040K, reserved 1056768K
  class space    used 546K, capacity 616K, committed 640K, reserved 1048576K
Event: 2.388 GC heap after
Heap after GC invocations=4 (full 0):
 PSYoungGen      total 33280K, used 2548K [0x00000000eab00000, 0x00000000ece00000, 0x0000000100000000)
  eden space 30720K, 0% used [0x00000000eab00000,0x00000000eab00000,0x00000000ec900000)
  from space 2560K, 99% used [0x00000000ecb80000,0x00000000ecdfd3b8,0x00000000ece00000)
  to   space 2560K, 0% used [0x00000000ec900000,0x00000000ec900000,0x00000000ecb80000)
 ParOldGen       total 40960K, used 7782K [0x00000000c0000000, 0x00000000c2800000, 0x00000000eab00000)
  object space 40960K, 19% used [0x00000000c0000000,0x00000000c0799b28,0x00000000c2800000)
 Metaspace       used 5667K, capacity 6896K, committed 7040K, reserved 1056768K
  class space    used 546K, capacity 616K, committed 640K, reserved 1048576K
}
Event: 4.422 GC heap before
{Heap before GC invocations=5 (full 0):
 PSYoungGen      total 33280K, used 33268K [0x00000000eab00000, 0x00000000ece00000, 0x0000000100000000)
  eden space 30720K, 100% used [0x00000000eab00000,0x00000000ec900000,0x00000000ec900000)
  from space 2560K, 99% used [0x00000000ecb80000,0x00000000ecdfd3b8,0x00000000ece00000)
  to   space 2560K, 0% used [0x00000000ec900000,0x00000000ec900000,0x00000000ecb80000)
 ParOldGen       total 40960K, used 7782K [0x00000000c0000000, 0x00000000c2800000, 0x00000000eab00000)
  object space 40960K, 19% used [0x00000000c0000000,0x00000000c0799b28,0x00000000c2800000)
 Metaspace       used 5745K, capacity 6960K, committed 7040K, reserved 1056768K
  class space    used 546K, capacity 616K, committed 640K, reserved 1048576K
Event: 4.444 GC heap after
Heap after GC invocations=5 (full 0):
 PSYoungGen      total 33280K, used 2544K [0x00000000eab00000, 0x00000000ef500000, 0x0000000100000000)
  eden space 30720K, 0% used [0x00000000eab00000,0x00000000eab00000,0x00000000ec900000)
  from space 2560K, 99% used [0x00000000ec900000,0x00000000ecb7c2d8,0x00000000ecb80000)
  to   space 7168K, 0% used [0x00000000eee00000,0x00000000eee00000,0x00000000ef500000)
 ParOldGen       total 40960K, used 12614K [0x00000000c0000000, 0x00000000c2800000, 0x00000000eab00000)
  object space 40960K, 30% used [0x00000000c0000000,0x00000000c0c51a60,0x00000000c2800000)
 Metaspace       used 5745K, capacity 6960K, committed 7040K, reserved 1056768K
  class space    used 546K, capacity 616K, committed 640K, reserved 1048576K
}

Deoptimization events (10 events):
Event: 1.885 Thread 0x0000000001fe8000 Uncommon trap: reason=unreached action=reinterpret pc=0x0000000002b0c144 method=com.android.dx.rop.cst.Constant.compareTo(Lcom/android/dx/rop/cst/Constant;)I @ 12
Event: 1.984 Thread 0x0000000001fe8000 Uncommon trap: reason=bimorphic action=maybe_recompile pc=0x0000000002a6b5dc method=java.util.HashMap.getNode(ILjava/lang/Object;)Ljava/util/HashMap$Node; @ 126
Event: 1.985 Thread 0x0000000001fe8000 Uncommon trap: reason=bimorphic action=maybe_recompile pc=0x0000000002a6b5dc method=java.util.HashMap.getNode(ILjava/lang/Object;)Ljava/util/HashMap$Node; @ 126
Event: 1.985 Thread 0x0000000001fe8000 Uncommon trap: reason=bimorphic action=maybe_recompile pc=0x0000000002a6b5dc method=java.util.HashMap.getNode(ILjava/lang/Object;)Ljava/util/HashMap$Node; @ 126
Event: 1.985 Thread 0x0000000001fe8000 Uncommon trap: reason=bimorphic action=maybe_recompile pc=0x0000000002a6b5dc method=java.util.HashMap.getNode(ILjava/lang/Object;)Ljava/util/HashMap$Node; @ 126
Event: 2.116 Thread 0x0000000001fe8000 Uncommon trap: reason=null_check action=make_not_entrant pc=0x0000000002be1114 method=com.android.dx.rop.type.Type.equals(Ljava/lang/Object;)Z @ 8
Event: 2.126 Thread 0x0000000001fe8000 Uncommon trap: reason=bimorphic action=maybe_recompile pc=0x0000000002a39800 method=java.util.HashMap.getNode(ILjava/lang/Object;)Ljava/util/HashMap$Node; @ 126
Event: 2.126 Thread 0x0000000001fe8000 Uncommon trap: reason=class_check action=maybe_recompile pc=0x0000000002dab1ec method=java.util.HashMap.putVal(ILjava/lang/Object;Ljava/lang/Object;ZZ)Ljava/lang/Object; @ 203
Event: 2.420 Thread 0x0000000001fe8000 Uncommon trap: reason=unreached action=reinterpret pc=0x0000000002b88310 method=com.android.dx.rop.code.LocalItem.hashCode()I @ 25
Event: 2.420 Thread 0x0000000001fe8000 Uncommon trap: reason=unreached action=reinterpret pc=0x0000000002b20d18 method=com.android.dx.rop.code.LocalItem.hashCode()I @ 25

Internal exceptions (10 events):
Event: 1.418 Thread 0x0000000001fe8000 Exception <a 'java/security/PrivilegedActionException'> (0x00000000ead59660) thrown at [D:\re\workspace\8-2-build-windows-amd64-cygwin\jdk8u25\1677\hotspot\src\share\vm\prims\jvm.cpp, line 1312]
Event: 1.476 Thread 0x0000000001fe8000 Exception <a 'java/security/PrivilegedActionException'> (0x00000000eaf3bb40) thrown at [D:\re\workspace\8-2-build-windows-amd64-cygwin\jdk8u25\1677\hotspot\src\share\vm\prims\jvm.cpp, line 1312]
Event: 1.476 Thread 0x0000000001fe8000 Exception <a 'java/security/PrivilegedActionException'> (0x00000000eaf3e1b0) thrown at [D:\re\workspace\8-2-build-windows-amd64-cygwin\jdk8u25\1677\hotspot\src\share\vm\prims\jvm.cpp, line 1312]
Event: 1.479 Thread 0x0000000001fe8000 Exception <a 'java/security/PrivilegedActionException'> (0x00000000eaf54c48) thrown at [D:\re\workspace\8-2-build-windows-amd64-cygwin\jdk8u25\1677\hotspot\src\share\vm\prims\jvm.cpp, line 1312]
Event: 1.480 Thread 0x0000000001fe8000 Exception <a 'java/security/PrivilegedActionException'> (0x00000000eaf5a378) thrown at [D:\re\workspace\8-2-build-windows-amd64-cygwin\jdk8u25\1677\hotspot\src\share\vm\prims\jvm.cpp, line 1312]
Event: 1.481 Thread 0x0000000001fe8000 Exception <a 'java/security/PrivilegedActionException'> (0x00000000eaf5f728) thrown at [D:\re\workspace\8-2-build-windows-amd64-cygwin\jdk8u25\1677\hotspot\src\share\vm\prims\jvm.cpp, line 1312]
Event: 1.605 Thread 0x0000000001fe8000 Exception <a 'java/security/PrivilegedActionException'> (0x00000000eb493ca0) thrown at [D:\re\workspace\8-2-build-windows-amd64-cygwin\jdk8u25\1677\hotspot\src\share\vm\prims\jvm.cpp, line 1312]
Event: 1.922 Thread 0x0000000001fe8000 Exception <a 'java/security/PrivilegedActionException'> (0x00000000eaf3e140) thrown at [D:\re\workspace\8-2-build-windows-amd64-cygwin\jdk8u25\1677\hotspot\src\share\vm\prims\jvm.cpp, line 1312]
Event: 2.116 Thread 0x0000000001fe8000 Implicit null exception at 0x0000000002be1012 to 0x0000000002be1105
Event: 2.424 Thread 0x0000000001fe8000 Exception <a 'java/security/PrivilegedActionException'> (0x00000000eac5c190) thrown at [D:\re\workspace\8-2-build-windows-amd64-cygwin\jdk8u25\1677\hotspot\src\share\vm\prims\jvm.cpp, line 1312]

Events (10 events):
Event: 2.420 Thread 0x0000000001fe8000 DEOPT UNPACKING pc=0x000000000286556a sp=0x000000000254e128 mode 2
Event: 2.420 Thread 0x0000000001fe8000 Uncommon trap: trap_request=0xffffffad fr.pc=0x0000000002b20d18
Event: 2.420 Thread 0x0000000001fe8000 DEOPT PACKING pc=0x0000000002b20d18 sp=0x000000000254e250
Event: 2.420 Thread 0x0000000001fe8000 DEOPT UNPACKING pc=0x000000000286556a sp=0x000000000254e1a0 mode 2
Event: 2.423 loading class com/android/dx/dex/file/MethodAnnotationStruct
Event: 2.423 loading class com/android/dx/dex/file/MethodAnnotationStruct done
Event: 4.218 Executing VM operation: EnableBiasedLocking
Event: 4.368 Executing VM operation: EnableBiasedLocking done
Event: 4.422 Executing VM operation: ParallelGCFailedAllocation
Event: 4.444 Executing VM operation: ParallelGCFailedAllocation done


Dynamic libraries:
0x000000013f8f0000 - 0x000000013f924000 	C:\Program Files\Java\jdk1.8.0_25\bin\java.exe
0x0000000077030000 - 0x00000000771d9000 	C:\Windows\SYSTEM32\ntdll.dll
0x0000000076f10000 - 0x000000007702f000 	C:\Windows\system32\kernel32.dll
0x000007fefd0f0000 - 0x000007fefd15c000 	C:\Windows\system32\KERNELBASE.dll
0x000007fefe520000 - 0x000007fefe5fb000 	C:\Windows\system32\ADVAPI32.dll
0x000007fefeb60000 - 0x000007fefebff000 	C:\Windows\system32\msvcrt.dll
0x000007fefdf80000 - 0x000007fefdf9f000 	C:\Windows\SYSTEM32\sechost.dll
0x000007fefe600000 - 0x000007fefe72d000 	C:\Windows\system32\RPCRT4.dll
0x0000000076e10000 - 0x0000000076f0a000 	C:\Windows\system32\USER32.dll
0x000007fefeca0000 - 0x000007fefed07000 	C:\Windows\system32\GDI32.dll
0x000007fefd1b0000 - 0x000007fefd1be000 	C:\Windows\system32\LPK.dll
0x000007fefea90000 - 0x000007fefeb59000 	C:\Windows\system32\USP10.dll
0x000007fefb720000 - 0x000007fefb914000 	C:\Windows\WinSxS\amd64_microsoft.windows.common-controls_6595b64144ccf1df_6.0.7601.18837_none_fa3b1e3d17594757\COMCTL32.dll
0x000007fefe9b0000 - 0x000007fefea21000 	C:\Windows\system32\SHLWAPI.dll
0x000007fefd1c0000 - 0x000007fefd1ee000 	C:\Windows\system32\IMM32.DLL
0x000007feff230000 - 0x000007feff339000 	C:\Windows\system32\MSCTF.dll
0x0000000074b30000 - 0x0000000074b68000 	C:\PROGRA~2\Sophos\SOPHOS~1\SOPHOS~2.DLL
0x00000000771f0000 - 0x00000000771f7000 	C:\Windows\system32\PSAPI.DLL
0x0000000065d80000 - 0x0000000065e52000 	C:\Program Files\Java\jdk1.8.0_25\jre\bin\msvcr100.dll
0x0000000062890000 - 0x00000000630ea000 	C:\Program Files\Java\jdk1.8.0_25\jre\bin\server\jvm.dll
0x000007fef9d00000 - 0x000007fef9d09000 	C:\Windows\system32\WSOCK32.dll
0x000007fefdfa0000 - 0x000007fefdfed000 	C:\Windows\system32\WS2_32.dll
0x000007fefd1a0000 - 0x000007fefd1a8000 	C:\Windows\system32\NSI.dll
0x000007fef7b60000 - 0x000007fef7b9b000 	C:\Windows\system32\WINMM.dll
0x0000000068ab0000 - 0x0000000068abf000 	C:\Program Files\Java\jdk1.8.0_25\jre\bin\verify.dll
0x0000000068a80000 - 0x0000000068aa8000 	C:\Program Files\Java\jdk1.8.0_25\jre\bin\java.dll
0x0000000068a60000 - 0x0000000068a76000 	C:\Program Files\Java\jdk1.8.0_25\jre\bin\zip.dll
0x000007fefd1f0000 - 0x000007fefdf79000 	C:\Windows\system32\SHELL32.dll
0x000007feff020000 - 0x000007feff223000 	C:\Windows\system32\ole32.dll
0x000007fefcde0000 - 0x000007fefcdef000 	C:\Windows\system32\profapi.dll

VM Arguments:
jvm_args: -Xmx1024M -Dfile.encoding=windows-1252 -Duser.country=US -Duser.language=en -Duser.variant 
java_command: com.android.dx.command.Main --dex --output C:\Users\mnjy\hackmit\app\build\intermediates\pre-dexed\debug\classes-1e8b8278ba324b09e7666a792616d94040b35235.jar C:\Users\mnjy\hackmit\app\build\intermediates\exploded-aar\com.android.support\support-v4\22.0.0\jars\classes.jar
java_class_path (initial): C:\Users\mnjy\AndroidSDK\build-tools\19.1.0\lib\dx.jar
Launcher Type: SUN_STANDARD

Environment Variables:
CLASSPATH=C:\Program Files (x86)\OpenNI\Bin\org.OpenNI.jar
PATH=C:\Python27\;C:\Python27\Scripts;C:\Program Files\Common Files\Microsoft Shared\Windows Live;C:\Program Files (x86)\Common Files\Microsoft Shared\Windows Live;C:\ProgramData\Oracle\Java\javapath;C:\Program Files (x86)\Intel\iCLS Client\;C:\Program Files\Intel\iCLS Client\;C:\Windows\system32;C:\Windows;C:\Windows\System32\Wbem;C:\Windows\System32\WindowsPowerShell\v1.0\;C:\Program Files\Intel\Intel(R) Management Engine Components\DAL;C:\Program Files\Intel\Intel(R) Management Engine Components\IPT;C:\Program Files (x86)\Intel\Intel(R) Management Engine Components\DAL;C:\Program Files (x86)\Intel\Intel(R) Management Engine Components\IPT;C:\Program Files\Intel\WiFi\bin\;C:\Program Files\Common Files\Intel\WirelessCommon\;C:\Program Files\Lenovo\Fingerprint Manager Pro\;C:\Program Files (x86)\Common Files\Lenovo;C:\Program Files (x86)\Common Files\lenovo\easyplussdk\bin;C:\ProgramData\Lenovo\ReadyApps;C:\Program Files (x86)\Git\cmd;C:\Program Files (x86)\Windows Live\Shared;C:\Program Files (x86)\MiKTeX 2.9\miktex\bin\;C:\Program Files (x86)\PharosSystems\Core;C:\Program Files (x86)\QuickTime\QTSystem\;C:\Program Files\SlikSvn\bin;C:\Python34;C:\Anaconda;C:\Anaconda\Scripts;C:\Program Files (x86)\OpenNI\Bin;C:\Program Files (x86)\PrimeSense\NITE\bin;C:\Program Files (x86)\Skype\Phone\
USERNAME=mnjy
OS=Windows_NT
PROCESSOR_IDENTIFIER=Intel64 Family 6 Model 69 Stepping 1, GenuineIntel



---------------  S Y S T E M  ---------------

OS: Windows 7 , 64 bit Build 7601 Service Pack 1

CPU:total 4 (2 cores per cpu, 2 threads per core) family 6 model 69 stepping 1, cmov, cx8, fxsr, mmx, sse, sse2, sse3, ssse3, sse4.1, sse4.2, popcnt, avx, avx2, aes, clmul, erms, lzcnt, ht, tsc, tscinvbit, bmi1, bmi2

Memory: 4k page, physical 3890992k(326212k free), swap 4940916k(5108k free)

vm_info: Java HotSpot(TM) 64-Bit Server VM (25.25-b02) for windows-amd64 JRE (1.8.0_25-b18), built on Oct  7 2014 14:25:37 by "java_re" with MS VC++ 10.0 (VS2010)

time: Sat Sep 19 22:36:22 2015
elapsed time: 4 seconds (0d 0h 0m 4s)

