#
# There is insufficient memory for the Java Runtime Environment to continue.
# Native memory allocation (malloc) failed to allocate 787216 bytes for Chunk::new
# Possible reasons:
#   The system is out of physical RAM or swap space
#   In 32 bit mode, the process size limit was hit
# Possible solutions:
#   Reduce memory load on the system
#   Increase physical memory or swap space
#   Check if swap backing store is full
#   Use 64 bit Java on a 64 bit OS
#   Decrease Java heap size (-Xmx/-Xms)
#   Decrease number of Java threads
#   Decrease Java thread stack sizes (-Xss)
#   Set larger code cache with -XX:ReservedCodeCacheSize=
# This output file may be truncated or incomplete.
#
#  Out of Memory Error (allocation.cpp:390), pid=7652, tid=7088
#
# JRE version: Java(TM) SE Runtime Environment (8.0_25-b18) (build 1.8.0_25-b18)
# Java VM: Java HotSpot(TM) 64-Bit Server VM (25.25-b02 mixed mode windows-amd64 compressed oops)
# Failed to write core dump. Minidumps are not enabled by default on client versions of Windows
#

---------------  T H R E A D  ---------------

Current thread (0x0000000056278000):  JavaThread "C2 CompilerThread1" daemon [_thread_in_native, id=7088, stack(0x0000000056c70000,0x0000000056d70000)]

Stack: [0x0000000056c70000,0x0000000056d70000]
Native frames: (J=compiled Java code, j=interpreted, Vv=VM code, C=native code)
V  [jvm.dll+0x31667a]
V  [jvm.dll+0x267073]
V  [jvm.dll+0x267cb3]
V  [jvm.dll+0x25f5b5]
V  [jvm.dll+0xbf165]
V  [jvm.dll+0xbf60c]
V  [jvm.dll+0x478fbc]
V  [jvm.dll+0x4463eb]
V  [jvm.dll+0x45130e]
V  [jvm.dll+0x4538f8]
V  [jvm.dll+0x437372]
V  [jvm.dll+0x98a02]
V  [jvm.dll+0x991f3]
V  [jvm.dll+0x22bde4]
V  [jvm.dll+0x2852fa]
C  [msvcr100.dll+0x21d9f]
C  [msvcr100.dll+0x21e3b]
C  [kernel32.dll+0x15a4d]
C  [ntdll.dll+0x2b831]


Current CompileTask:
C2:   3298 1454       4       com.android.dx.ssa.SCCP::simulateBranch (666 bytes)


---------------  P R O C E S S  ---------------

Java Threads: ( => current thread )
  0x0000000056291800 JavaThread "Service Thread" daemon [_thread_blocked, id=7488, stack(0x0000000056f90000,0x0000000057090000)]
  0x0000000056279800 JavaThread "C1 CompilerThread2" daemon [_thread_blocked, id=5136, stack(0x0000000056e10000,0x0000000056f10000)]
=>0x0000000056278000 JavaThread "C2 CompilerThread1" daemon [_thread_in_native, id=7088, stack(0x0000000056c70000,0x0000000056d70000)]
  0x0000000056274000 JavaThread "C2 CompilerThread0" daemon [_thread_blocked, id=792, stack(0x0000000056b10000,0x0000000056c10000)]
  0x0000000054ed4800 JavaThread "Attach Listener" daemon [_thread_blocked, id=9240, stack(0x00000000568a0000,0x00000000569a0000)]
  0x0000000054ed3000 JavaThread "Signal Dispatcher" daemon [_thread_blocked, id=4356, stack(0x00000000566c0000,0x00000000567c0000)]
  0x0000000054e74800 JavaThread "Finalizer" daemon [_thread_blocked, id=3168, stack(0x0000000056040000,0x0000000056140000)]
  0x0000000054e6b800 JavaThread "Reference Handler" daemon [_thread_blocked, id=5756, stack(0x0000000056170000,0x0000000056270000)]
  0x0000000002068000 JavaThread "main" [_thread_in_Java, id=9428, stack(0x0000000002360000,0x0000000002460000)]

Other Threads:
  0x0000000054e66000 VMThread [stack: 0x0000000055f00000,0x0000000056000000] [id=3744]
  0x00000000562c9000 WatcherThread [stack: 0x0000000057190000,0x0000000057290000] [id=5700]

VM state:not at safepoint (normal execution)

VM Mutex/Monitor currently owned by a thread: None

Heap:
 PSYoungGen      total 33280K, used 19861K [0x00000000eab00000, 0x00000000ece00000, 0x0000000100000000)
  eden space 30720K, 56% used [0x00000000eab00000,0x00000000ebbe9768,0x00000000ec900000)
  from space 2560K, 99% used [0x00000000ecb80000,0x00000000ecdfc038,0x00000000ece00000)
  to   space 2560K, 0% used [0x00000000ec900000,0x00000000ec900000,0x00000000ecb80000)
 ParOldGen       total 40960K, used 3905K [0x00000000c0000000, 0x00000000c2800000, 0x00000000eab00000)
  object space 40960K, 9% used [0x00000000c0000000,0x00000000c03d04b8,0x00000000c2800000)
 Metaspace       used 5687K, capacity 6960K, committed 7040K, reserved 1056768K
  class space    used 546K, capacity 616K, committed 640K, reserved 1048576K

Card table byte_map: [0x0000000011af0000,0x0000000011d00000] byte_map_base: 0x00000000114f0000

Marking Bits: (ParMarkBitMap*) 0x000000006306d490
 Begin Bits: [0x00000000122e0000, 0x00000000132e0000)
 End Bits:   [0x00000000132e0000, 0x00000000142e0000)

Polling page: 0x0000000000130000

CodeCache: size=245760Kb used=5871Kb max_used=5883Kb free=239888Kb
 bounds [0x0000000002730000, 0x0000000002d00000, 0x0000000011730000]
 total_blobs=1712 nmethods=1453 adapters=173
 compilation: enabled

Compilation events (10 events):
Event: 2.814 Thread 0x0000000056279800 1453       3       com.android.dx.ssa.SCCP::simulateStmt (481 bytes)
Event: 2.816 Thread 0x0000000056279800 nmethod 1453 0x0000000002cebf10 code [0x0000000002cec240, 0x0000000002cee118]
Event: 2.821 Thread 0x0000000056278000 nmethod 1449 0x0000000002cf0f90 code [0x0000000002cf1120, 0x0000000002cf17b8]
Event: 2.821 Thread 0x0000000056278000 1454       4       com.android.dx.ssa.SCCP::simulateBranch (666 bytes)
Event: 2.846 Thread 0x0000000056274000 1450       4       com.android.dx.rop.code.RegisterSpecSet::intersect (117 bytes)
Event: 2.856 Thread 0x0000000056274000 nmethod 1450 0x0000000002cf1b90 code [0x0000000002cf1d20, 0x0000000002cf22e0]
Event: 2.856 Thread 0x0000000056274000 1452       4       com.android.dx.ssa.SsaRenamer$BlockRenamer::processResultReg (56 bytes)
Event: 2.937 Thread 0x0000000056274000 nmethod 1452 0x0000000002cefcd0 code [0x0000000002cefe60, 0x0000000002cf0648]
Event: 2.937 Thread 0x0000000056274000 1451       4       com.android.dx.util.BitIntSet::iterator (9 bytes)
Event: 2.940 Thread 0x0000000056274000 nmethod 1451 0x0000000002cf2a90 code [0x0000000002cf2be0, 0x0000000002cf2d38]

GC Heap History (4 events):
Event: 1.637 GC heap before
{Heap before GC invocations=1 (full 0):
 PSYoungGen      total 17920K, used 15360K [0x00000000eab00000, 0x00000000ebf00000, 0x0000000100000000)
  eden space 15360K, 100% used [0x00000000eab00000,0x00000000eba00000,0x00000000eba00000)
  from space 2560K, 0% used [0x00000000ebc80000,0x00000000ebc80000,0x00000000ebf00000)
  to   space 2560K, 0% used [0x00000000eba00000,0x00000000eba00000,0x00000000ebc80000)
 ParOldGen       total 40960K, used 0K [0x00000000c0000000, 0x00000000c2800000, 0x00000000eab00000)
  object space 40960K, 0% used [0x00000000c0000000,0x00000000c0000000,0x00000000c2800000)
 Metaspace       used 5323K, capacity 6640K, committed 6784K, reserved 1056768K
  class space    used 540K, capacity 616K, committed 640K, reserved 1048576K
Event: 1.730 GC heap after
Heap after GC invocations=1 (full 0):
 PSYoungGen      total 17920K, used 2535K [0x00000000eab00000, 0x00000000ece00000, 0x0000000100000000)
  eden space 15360K, 0% used [0x00000000eab00000,0x00000000eab00000,0x00000000eba00000)
  from space 2560K, 99% used [0x00000000eba00000,0x00000000ebc79c88,0x00000000ebc80000)
  to   space 2560K, 0% used [0x00000000ecb80000,0x00000000ecb80000,0x00000000ece00000)
 ParOldGen       total 40960K, used 1394K [0x00000000c0000000, 0x00000000c2800000, 0x00000000eab00000)
  object space 40960K, 3% used [0x00000000c0000000,0x00000000c015c8d0,0x00000000c2800000)
 Metaspace       used 5323K, capacity 6640K, committed 6784K, reserved 1056768K
  class space    used 540K, capacity 616K, committed 640K, reserved 1048576K
}
Event: 2.447 GC heap before
{Heap before GC invocations=2 (full 0):
 PSYoungGen      total 17920K, used 17895K [0x00000000eab00000, 0x00000000ece00000, 0x0000000100000000)
  eden space 15360K, 100% used [0x00000000eab00000,0x00000000eba00000,0x00000000eba00000)
  from space 2560K, 99% used [0x00000000eba00000,0x00000000ebc79c88,0x00000000ebc80000)
  to   space 2560K, 0% used [0x00000000ecb80000,0x00000000ecb80000,0x00000000ece00000)
 ParOldGen       total 40960K, used 1394K [0x00000000c0000000, 0x00000000c2800000, 0x00000000eab00000)
  object space 40960K, 3% used [0x00000000c0000000,0x00000000c015c8d0,0x00000000c2800000)
 Metaspace       used 5656K, capacity 6896K, committed 7040K, reserved 1056768K
  class space    used 545K, capacity 616K, committed 640K, reserved 1048576K
Event: 2.543 GC heap after
Heap after GC invocations=2 (full 0):
 PSYoungGen      total 33280K, used 2544K [0x00000000eab00000, 0x00000000ece00000, 0x0000000100000000)
  eden space 30720K, 0% used [0x00000000eab00000,0x00000000eab00000,0x00000000ec900000)
  from space 2560K, 99% used [0x00000000ecb80000,0x00000000ecdfc038,0x00000000ece00000)
  to   space 2560K, 0% used [0x00000000ec900000,0x00000000ec900000,0x00000000ecb80000)
 ParOldGen       total 40960K, used 3905K [0x00000000c0000000, 0x00000000c2800000, 0x00000000eab00000)
  object space 40960K, 9% used [0x00000000c0000000,0x00000000c03d04b8,0x00000000c2800000)
 Metaspace       used 5656K, capacity 6896K, committed 7040K, reserved 1056768K
  class space    used 545K, capacity 616K, committed 640K, reserved 1048576K
}

Deoptimization events (10 events):
Event: 1.943 Thread 0x0000000002068000 Uncommon trap: reason=bimorphic action=maybe_recompile pc=0x0000000002a0801c method=com.android.dx.ssa.NormalSsaInsn.accept(Lcom/android/dx/ssa/SsaInsn$Visitor;)V @ 9
Event: 1.944 Thread 0x0000000002068000 Uncommon trap: reason=bimorphic action=maybe_recompile pc=0x0000000002a0801c method=com.android.dx.ssa.NormalSsaInsn.accept(Lcom/android/dx/ssa/SsaInsn$Visitor;)V @ 9
Event: 1.944 Thread 0x0000000002068000 Uncommon trap: reason=bimorphic action=maybe_recompile pc=0x0000000002a0801c method=com.android.dx.ssa.NormalSsaInsn.accept(Lcom/android/dx/ssa/SsaInsn$Visitor;)V @ 9
Event: 1.944 Thread 0x0000000002068000 Uncommon trap: reason=bimorphic action=maybe_recompile pc=0x0000000002986d18 method=com.android.dx.ssa.NormalSsaInsn.accept(Lcom/android/dx/ssa/SsaInsn$Visitor;)V @ 9
Event: 2.554 Thread 0x0000000002068000 Uncommon trap: reason=unreached action=reinterpret pc=0x0000000002b88304 method=com.android.dx.rop.cst.Constant.compareTo(Lcom/android/dx/rop/cst/Constant;)I @ 12
Event: 2.731 Thread 0x0000000002068000 Uncommon trap: reason=bimorphic action=maybe_recompile pc=0x000000000296031c method=java.util.HashMap.getNode(ILjava/lang/Object;)Ljava/util/HashMap$Node; @ 126
Event: 2.731 Thread 0x0000000002068000 Uncommon trap: reason=bimorphic action=maybe_recompile pc=0x000000000296031c method=java.util.HashMap.getNode(ILjava/lang/Object;)Ljava/util/HashMap$Node; @ 126
Event: 2.731 Thread 0x0000000002068000 Uncommon trap: reason=bimorphic action=maybe_recompile pc=0x000000000296031c method=java.util.HashMap.getNode(ILjava/lang/Object;)Ljava/util/HashMap$Node; @ 126
Event: 2.731 Thread 0x0000000002068000 Uncommon trap: reason=bimorphic action=maybe_recompile pc=0x000000000296031c method=java.util.HashMap.getNode(ILjava/lang/Object;)Ljava/util/HashMap$Node; @ 126
Event: 2.807 Thread 0x0000000002068000 Uncommon trap: reason=unreached action=reinterpret pc=0x0000000002ce2338 method=com.android.dx.ssa.SCCP.simulateStmt(Lcom/android/dx/ssa/SsaInsn;)V @ 418

Internal exceptions (10 events):
Event: 1.411 Thread 0x0000000002068000 Exception <a 'java/security/PrivilegedActionException'> (0x00000000eb75c7a0) thrown at [D:\re\workspace\8-2-build-windows-amd64-cygwin\jdk8u25\1677\hotspot\src\share\vm\prims\jvm.cpp, line 1312]
Event: 1.506 Thread 0x0000000002068000 Exception <a 'java/security/PrivilegedActionException'> (0x00000000eb887ff0) thrown at [D:\re\workspace\8-2-build-windows-amd64-cygwin\jdk8u25\1677\hotspot\src\share\vm\prims\jvm.cpp, line 1312]
Event: 1.916 Thread 0x0000000002068000 Exception <a 'java/security/PrivilegedActionException'> (0x00000000ead0b770) thrown at [D:\re\workspace\8-2-build-windows-amd64-cygwin\jdk8u25\1677\hotspot\src\share\vm\prims\jvm.cpp, line 1312]
Event: 2.020 Thread 0x0000000002068000 Exception <a 'java/security/PrivilegedActionException'> (0x00000000eaeec528) thrown at [D:\re\workspace\8-2-build-windows-amd64-cygwin\jdk8u25\1677\hotspot\src\share\vm\prims\jvm.cpp, line 1312]
Event: 2.020 Thread 0x0000000002068000 Exception <a 'java/security/PrivilegedActionException'> (0x00000000eaeeeb98) thrown at [D:\re\workspace\8-2-build-windows-amd64-cygwin\jdk8u25\1677\hotspot\src\share\vm\prims\jvm.cpp, line 1312]
Event: 2.021 Thread 0x0000000002068000 Exception <a 'java/security/PrivilegedActionException'> (0x00000000eaf04b98) thrown at [D:\re\workspace\8-2-build-windows-amd64-cygwin\jdk8u25\1677\hotspot\src\share\vm\prims\jvm.cpp, line 1312]
Event: 2.022 Thread 0x0000000002068000 Exception <a 'java/security/PrivilegedActionException'> (0x00000000eaf0a340) thrown at [D:\re\workspace\8-2-build-windows-amd64-cygwin\jdk8u25\1677\hotspot\src\share\vm\prims\jvm.cpp, line 1312]
Event: 2.023 Thread 0x0000000002068000 Exception <a 'java/security/PrivilegedActionException'> (0x00000000eaf0f6f0) thrown at [D:\re\workspace\8-2-build-windows-amd64-cygwin\jdk8u25\1677\hotspot\src\share\vm\prims\jvm.cpp, line 1312]
Event: 2.160 Thread 0x0000000002068000 Exception <a 'java/security/PrivilegedActionException'> (0x00000000eb441ec0) thrown at [D:\re\workspace\8-2-build-windows-amd64-cygwin\jdk8u25\1677\hotspot\src\share\vm\prims\jvm.cpp, line 1312]
Event: 2.641 Thread 0x0000000002068000 Exception <a 'java/security/PrivilegedActionException'> (0x00000000eaeee600) thrown at [D:\re\workspace\8-2-build-windows-amd64-cygwin\jdk8u25\1677\hotspot\src\share\vm\prims\jvm.cpp, line 1312]

Events (10 events):
Event: 2.731 Thread 0x0000000002068000 DEOPT UNPACKING pc=0x000000000277556a sp=0x000000000245e2e8 mode 2
Event: 2.731 Thread 0x0000000002068000 Uncommon trap: trap_request=0xffffffc6 fr.pc=0x000000000296031c
Event: 2.731 Thread 0x0000000002068000 DEOPT PACKING pc=0x000000000296031c sp=0x000000000245e3e0
Event: 2.731 Thread 0x0000000002068000 DEOPT UNPACKING pc=0x000000000277556a sp=0x000000000245e2e8 mode 2
Event: 2.731 Thread 0x0000000002068000 Uncommon trap: trap_request=0xffffffc6 fr.pc=0x000000000296031c
Event: 2.731 Thread 0x0000000002068000 DEOPT PACKING pc=0x000000000296031c sp=0x000000000245e3e0
Event: 2.731 Thread 0x0000000002068000 DEOPT UNPACKING pc=0x000000000277556a sp=0x000000000245e2e8 mode 2
Event: 2.807 Thread 0x0000000002068000 Uncommon trap: trap_request=0xffffffad fr.pc=0x0000000002ce2338
Event: 2.807 Thread 0x0000000002068000 DEOPT PACKING pc=0x0000000002ce2338 sp=0x000000000245e540
Event: 2.807 Thread 0x0000000002068000 DEOPT UNPACKING pc=0x000000000277556a sp=0x000000000245e540 mode 2


Dynamic libraries:
0x000000013f8f0000 - 0x000000013f924000 	C:\Program Files\Java\jdk1.8.0_25\bin\java.exe
0x0000000077030000 - 0x00000000771d9000 	C:\Windows\SYSTEM32\ntdll.dll
0x0000000076f10000 - 0x000000007702f000 	C:\Windows\system32\kernel32.dll
0x000007fefd0f0000 - 0x000007fefd15c000 	C:\Windows\system32\KERNELBASE.dll
0x000007fefe520000 - 0x000007fefe5fb000 	C:\Windows\system32\ADVAPI32.dll
0x000007fefeb60000 - 0x000007fefebff000 	C:\Windows\system32\msvcrt.dll
0x000007fefdf80000 - 0x000007fefdf9f000 	C:\Windows\SYSTEM32\sechost.dll
0x000007fefe600000 - 0x000007fefe72d000 	C:\Windows\system32\RPCRT4.dll
0x0000000076e10000 - 0x0000000076f0a000 	C:\Windows\system32\USER32.dll
0x000007fefeca0000 - 0x000007fefed07000 	C:\Windows\system32\GDI32.dll
0x000007fefd1b0000 - 0x000007fefd1be000 	C:\Windows\system32\LPK.dll
0x000007fefea90000 - 0x000007fefeb59000 	C:\Windows\system32\USP10.dll
0x000007fefb720000 - 0x000007fefb914000 	C:\Windows\WinSxS\amd64_microsoft.windows.common-controls_6595b64144ccf1df_6.0.7601.18837_none_fa3b1e3d17594757\COMCTL32.dll
0x000007fefe9b0000 - 0x000007fefea21000 	C:\Windows\system32\SHLWAPI.dll
0x000007fefd1c0000 - 0x000007fefd1ee000 	C:\Windows\system32\IMM32.DLL
0x000007feff230000 - 0x000007feff339000 	C:\Windows\system32\MSCTF.dll
0x0000000074b30000 - 0x0000000074b68000 	C:\PROGRA~2\Sophos\SOPHOS~1\SOPHOS~2.DLL
0x00000000771f0000 - 0x00000000771f7000 	C:\Windows\system32\PSAPI.DLL
0x0000000065d80000 - 0x0000000065e52000 	C:\Program Files\Java\jdk1.8.0_25\jre\bin\msvcr100.dll
0x0000000062890000 - 0x00000000630ea000 	C:\Program Files\Java\jdk1.8.0_25\jre\bin\server\jvm.dll
0x000007fef9d00000 - 0x000007fef9d09000 	C:\Windows\system32\WSOCK32.dll
0x000007fefdfa0000 - 0x000007fefdfed000 	C:\Windows\system32\WS2_32.dll
0x000007fefd1a0000 - 0x000007fefd1a8000 	C:\Windows\system32\NSI.dll
0x000007fef7b60000 - 0x000007fef7b9b000 	C:\Windows\system32\WINMM.dll
0x0000000068ab0000 - 0x0000000068abf000 	C:\Program Files\Java\jdk1.8.0_25\jre\bin\verify.dll
0x0000000068a80000 - 0x0000000068aa8000 	C:\Program Files\Java\jdk1.8.0_25\jre\bin\java.dll
0x0000000068a60000 - 0x0000000068a76000 	C:\Program Files\Java\jdk1.8.0_25\jre\bin\zip.dll
0x000007fefd1f0000 - 0x000007fefdf79000 	C:\Windows\system32\SHELL32.dll
0x000007feff020000 - 0x000007feff223000 	C:\Windows\system32\ole32.dll
0x000007fefcde0000 - 0x000007fefcdef000 	C:\Windows\system32\profapi.dll
0x000007fefa560000 - 0x000007fefa685000 	C:\Windows\system32\dbghelp.dll

VM Arguments:
jvm_args: -Xmx1024M -Dfile.encoding=windows-1252 -Duser.country=US -Duser.language=en -Duser.variant 
java_command: com.android.dx.command.Main --dex --output C:\Users\mnjy\hackmit\app\build\intermediates\pre-dexed\debug\classes-1e8b8278ba324b09e7666a792616d94040b35235.jar C:\Users\mnjy\hackmit\app\build\intermediates\exploded-aar\com.android.support\support-v4\22.0.0\jars\classes.jar
java_class_path (initial): C:\Users\mnjy\AndroidSDK\build-tools\19.1.0\lib\dx.jar
Launcher Type: SUN_STANDARD

Environment Variables:
CLASSPATH=C:\Program Files (x86)\OpenNI\Bin\org.OpenNI.jar
PATH=C:\Python27\;C:\Python27\Scripts;C:\Program Files\Common Files\Microsoft Shared\Windows Live;C:\Program Files (x86)\Common Files\Microsoft Shared\Windows Live;C:\ProgramData\Oracle\Java\javapath;C:\Program Files (x86)\Intel\iCLS Client\;C:\Program Files\Intel\iCLS Client\;C:\Windows\system32;C:\Windows;C:\Windows\System32\Wbem;C:\Windows\System32\WindowsPowerShell\v1.0\;C:\Program Files\Intel\Intel(R) Management Engine Components\DAL;C:\Program Files\Intel\Intel(R) Management Engine Components\IPT;C:\Program Files (x86)\Intel\Intel(R) Management Engine Components\DAL;C:\Program Files (x86)\Intel\Intel(R) Management Engine Components\IPT;C:\Program Files\Intel\WiFi\bin\;C:\Program Files\Common Files\Intel\WirelessCommon\;C:\Program Files\Lenovo\Fingerprint Manager Pro\;C:\Program Files (x86)\Common Files\Lenovo;C:\Program Files (x86)\Common Files\lenovo\easyplussdk\bin;C:\ProgramData\Lenovo\ReadyApps;C:\Program Files (x86)\Git\cmd;C:\Program Files (x86)\Windows Live\Shared;C:\Program Files (x86)\MiKTeX 2.9\miktex\bin\;C:\Program Files (x86)\PharosSystems\Core;C:\Program Files (x86)\QuickTime\QTSystem\;C:\Program Files\SlikSvn\bin;C:\Python34;C:\Anaconda;C:\Anaconda\Scripts;C:\Program Files (x86)\OpenNI\Bin;C:\Program Files (x86)\PrimeSense\NITE\bin;C:\Program Files (x86)\Skype\Phone\
USERNAME=mnjy
OS=Windows_NT
PROCESSOR_IDENTIFIER=Intel64 Family 6 Model 69 Stepping 1, GenuineIntel



---------------  S Y S T E M  ---------------

OS: Windows 7 , 64 bit Build 7601 Service Pack 1

CPU:total 4 (2 cores per cpu, 2 threads per core) family 6 model 69 stepping 1, cmov, cx8, fxsr, mmx, sse, sse2, sse3, ssse3, sse4.1, sse4.2, popcnt, avx, avx2, aes, clmul, erms, lzcnt, ht, tsc, tscinvbit, bmi1, bmi2

Memory: 4k page, physical 3890992k(346820k free), swap 4940916k(5120k free)

vm_info: Java HotSpot(TM) 64-Bit Server VM (25.25-b02) for windows-amd64 JRE (1.8.0_25-b18), built on Oct  7 2014 14:25:37 by "java_re" with MS VC++ 10.0 (VS2010)

time: Sat Sep 19 22:36:02 2015
elapsed time: 3 seconds (0d 0h 0m 3s)

