#
#  EXCEPTION_ACCESS_VIOLATION (0xc0000005) at pc=0x0000000062a8ac07, pid=7480, tid=5724
#
# JRE version: Java(TM) SE Runtime Environment (8.0_25-b18) (build 1.8.0_25-b18)
# Java VM: Java HotSpot(TM) 64-Bit Server VM (25.25-b02 mixed mode windows-amd64 compressed oops)
# Problematic frame:
# V  [jvm.dll+0x1fac07]
#
# Failed to write core dump. Minidumps are not enabled by default on client versions of Windows
#
# If you would like to submit a bug report, please visit:
#   http://bugreport.sun.com/bugreport/crash.jsp
#

---------------  T H R E A D  ---------------

Current thread (0x0000000054fb3000):  JavaThread "Signal Dispatcher" daemon [_thread_in_vm, id=5724, stack(0x00000000568e0000,0x00000000569e0000)]

siginfo: ExceptionCode=0xc0000005, writing address 0x00000000569da540

Registers:
RAX=0x00000000569da540, RBX=0x0000000000000006, RCX=0x0000000000005000, RDX=0x0000000000000006
RSP=0x00000000569df540, RBP=0x0000000000000000, RSI=0x00000000569df540, RDI=0x0000000000000006
R8 =0x0000000000000006, R9 =0x0000000054f5a6b0, R10=0x00000000545ec0b8, R11=0x00000000568ea150
R12=0x0000000054f5a6b0, R13=0x0000000054fb3000, R14=0x00000000569df608, R15=0x00000000545ec0b8
RIP=0x0000000062a8ac07, EFLAGS=0x0000000000010202

Top of Stack: (sp=0x00000000569df540)
0x00000000569df540:   0000000000000001 00000000000002c8
0x00000000569df550:   0000000054fb3000 0000000054f5a6b0
0x00000000569df560:   00000000ffffffff 0000000062a8bb37
0x00000000569df570:   00000000569df670 00000000545ec0b8
0x00000000569df580:   0000000054fb3000 00000000629420d3
0x00000000569df590:   00000000569df5d0 0000000054fb3000
0x00000000569df5a0:   00000000569df660 0000000054fb3000
0x00000000569df5b0:   00000000545ec0b8 0000000054fb3000
0x00000000569df5c0:   0000000002870e00 0000000054fb3000
0x00000000569df5d0:   00000000545ec0b8 0000000054fb3000
0x00000000569df5e0:   00000000545ec0b8 0000000054fb3000
0x00000000569df5f0:   0000000000000001 00000000545ec0b8
0x00000000569df600:   0000000054fb3000 0000000054f47080
0x00000000569df610:   0000000054fb3000 00000000629435bd
0x00000000569df620:   00000000569df970 00000000145c6448
0x00000000569df630:   00000000145c6448 0000000000000514 

Instructions: (pc=0x0000000062a8ac07)
0x0000000062a8abe7:   48 89 6c 24 30 33 ed 66 90 e8 eb 5c 08 00 ff c3
0x0000000062a8abf7:   48 63 c8 48 8b c6 48 0f af cf 48 ff c7 48 2b c1
0x0000000062a8ac07:   89 28 48 63 c3 48 3b 05 ed 73 57 00 7e db 48 8b
0x0000000062a8ac17:   6c 24 30 48 8b 5c 24 38 48 8b 74 24 40 48 83 c4 


Register to memory mapping:

RAX=0x00000000569da540 is pointing into the stack for thread: 0x0000000054fb3000
RBX=0x0000000000000006 is an unknown value
RCX=0x0000000000005000 is an unknown value
RDX=0x0000000000000006 is an unknown value
RSP=0x00000000569df540 is pointing into the stack for thread: 0x0000000054fb3000
RBP=0x0000000000000000 is an unknown value
RSI=0x00000000569df540 is pointing into the stack for thread: 0x0000000054fb3000
RDI=0x0000000000000006 is an unknown value
R8 =0x0000000000000006 is an unknown value
R9 =0x0000000054f5a6b0 is an unknown value
R10={method} {0x00000000545ec0c0} 'exit' '()V' in 'java/lang/Thread'
R11=0x00000000568ea150 is pointing into the stack for thread: 0x0000000054fb3000
R12=0x0000000054f5a6b0 is an unknown value
R13=0x0000000054fb3000 is a thread
R14=0x00000000569df608 is pointing into the stack for thread: 0x0000000054fb3000
R15={method} {0x00000000545ec0c0} 'exit' '()V' in 'java/lang/Thread'


Stack: [0x00000000568e0000,0x00000000569e0000],  sp=0x00000000569df540,  free space=1021k
