#
# There is insufficient memory for the Java Runtime Environment to continue.
# Native memory allocation (malloc) failed to allocate 16384 bytes for AllocateHeap
# Possible reasons:
#   The system is out of physical RAM or swap space
#   In 32 bit mode, the process size limit was hit
# Possible solutions:
#   Reduce memory load on the system
#   Increase physical memory or swap space
#   Check if swap backing store is full
#   Use 64 bit Java on a 64 bit OS
#   Decrease Java heap size (-Xmx/-Xms)
#   Decrease number of Java threads
#   Decrease Java thread stack sizes (-Xss)
#   Set larger code cache with -XX:ReservedCodeCacheSize=
# This output file may be truncated or incomplete.
#
#  Out of Memory Error (memory/allocation.inline.hpp:62), pid=10084, tid=10196
#
# JRE version: Java(TM) SE Runtime Environment (8.0_25-b18) (build 1.8.0_25-b18)
# Java VM: Java HotSpot(TM) 64-Bit Server VM (25.25-b02 mixed mode windows-amd64 compressed oops)
# Failed to write core dump. Minidumps are not enabled by default on client versions of Windows
#

---------------  T H R E A D  ---------------

Current thread (0x0000000001ef8000):  JavaThread "main" [_thread_in_vm, id=10196, stack(0x0000000002000000,0x0000000002100000)]

Stack: [0x0000000002000000,0x0000000002100000]
Native frames: (J=compiled Java code, j=interpreted, Vv=VM code, C=native code)
V  [jvm.dll+0x31667a]

Java frames: (J=compiled Java code, j=interpreted, Vv=VM code)
j  java.util.zip.ZipFile.getInputStream(Ljava/util/zip/ZipEntry;)Ljava/io/InputStream;+227
j  java.util.jar.JarFile.getBytes(Ljava/util/zip/ZipEntry;)[B+2
j  java.util.jar.JarFile.checkForSpecialAttributes()V+26
j  java.util.jar.JarFile.hasClassPathAttribute()Z+1
j  java.util.jar.JavaUtilJarAccessImpl.jarFileHasClassPathAttribute(Ljava/util/jar/JarFile;)Z+1
j  sun.misc.URLClassPath$JarLoader.getClassPath()[Ljava/net/URL;+33
j  sun.misc.URLClassPath.getLoader(I)Lsun/misc/URLClassPath$Loader;+94
j  sun.misc.URLClassPath.getResource(Ljava/lang/String;Z)Lsun/misc/Resource;+42
j  java.net.URLClassLoader$1.run()Ljava/lang/Class;+26
j  java.net.URLClassLoader$1.run()Ljava/lang/Object;+1
v  ~StubRoutines::call_stub
j  java.security.AccessController.doPrivileged(Ljava/security/PrivilegedExceptionAction;Ljava/security/AccessControlContext;)Ljava/lang/Object;+0
j  java.net.URLClassLoader.findClass(Ljava/lang/String;)Ljava/lang/Class;+13
j  java.lang.ClassLoader.loadClass(Ljava/lang/String;Z)Ljava/lang/Class;+70
j  sun.misc.Launcher$AppClassLoader.loadClass(Ljava/lang/String;Z)Ljava/lang/Class;+36
j  java.lang.ClassLoader.loadClass(Ljava/lang/String;)Ljava/lang/Class;+3
j  sun.launcher.LauncherHelper.checkAndLoadMain(ZILjava/lang/String;)Ljava/lang/Class;+93
v  ~StubRoutines::call_stub

---------------  P R O C E S S  ---------------

Java Threads: ( => current thread )
  0x0000000056355000 JavaThread "Service Thread" daemon [_thread_blocked, id=4340, stack(0x0000000056ac0000,0x0000000056bc0000)]
  0x00000000562f7800 JavaThread "C1 CompilerThread2" daemon [_thread_blocked, id=724, stack(0x0000000056740000,0x0000000056840000)]
  0x00000000562f6000 JavaThread "C2 CompilerThread1" daemon [_thread_blocked, id=7584, stack(0x0000000056d70000,0x0000000056e70000)]
  0x00000000562f2000 JavaThread "C2 CompilerThread0" daemon [_thread_blocked, id=8832, stack(0x0000000056bd0000,0x0000000056cd0000)]
  0x0000000054e94800 JavaThread "Attach Listener" daemon [_thread_blocked, id=512, stack(0x0000000056970000,0x0000000056a70000)]
  0x0000000054e91000 JavaThread "Signal Dispatcher" daemon [_thread_blocked, id=7468, stack(0x0000000056860000,0x0000000056960000)]
  0x0000000054e34800 JavaThread "Finalizer" daemon [_thread_blocked, id=1048, stack(0x00000000561f0000,0x00000000562f0000)]
  0x0000000054e2b800 JavaThread "Reference Handler" daemon [_thread_blocked, id=4976, stack(0x0000000056000000,0x0000000056100000)]
=>0x0000000001ef8000 JavaThread "main" [_thread_in_vm, id=10196, stack(0x0000000002000000,0x0000000002100000)]

Other Threads:
  0x0000000054e26000 VMThread [stack: 0x0000000055e30000,0x0000000055f30000] [id=10108]
  0x0000000054e9f800 WatcherThread [stack: 0x0000000056fd0000,0x00000000570d0000] [id=6516]

VM state:not at safepoint (normal execution)

VM Mutex/Monitor currently owned by a thread:  ([mutex/lock_event])
[0x0000000001fdd1d0] SystemDictionary_lock - owner thread: 0x0000000001ef8000
[0x0000000001fde480] Compile_lock - owner thread: 0x0000000001ef8000

Heap:
 PSYoungGen      total 17920K, used 1229K [0x00000000eab00000, 0x00000000ebf00000, 0x0000000100000000)
  eden space 15360K, 8% used [0x00000000eab00000,0x00000000eac33450,0x00000000eba00000)
  from space 2560K, 0% used [0x00000000ebc80000,0x00000000ebc80000,0x00000000ebf00000)
  to   space 2560K, 0% used [0x00000000eba00000,0x00000000eba00000,0x00000000ebc80000)
 ParOldGen       total 40960K, used 0K [0x00000000c0000000, 0x00000000c2800000, 0x00000000eab00000)
  object space 40960K, 0% used [0x00000000c0000000,0x00000000c0000000,0x00000000c2800000)
 Metaspace       used 2608K, capacity 4480K, committed 4480K, reserved 1056768K
  class space    used 285K, capacity 384K, committed 384K, reserved 1048576K

Card table byte_map: [0x0000000011840000,0x0000000011a50000] byte_map_base: 0x0000000011240000

Marking Bits: (ParMarkBitMap*) 0x000000006306d490
 Begin Bits: [0x00000000122a0000, 0x00000000132a0000)
 End Bits:   [0x00000000132a0000, 0x00000000142a0000)

Polling page: 0x0000000000230000

CodeCache: size=245760Kb used=1137Kb max_used=1137Kb free=244622Kb
 bounds [0x0000000002480000, 0x00000000026f0000, 0x0000000011480000]
 total_blobs=273 nmethods=38 adapters=150
 compilation: enabled

Compilation events (10 events):
Event: 0.210 Thread 0x00000000562f7800   34  s    3       java.io.ByteArrayInputStream::read (36 bytes)
Event: 0.211 Thread 0x00000000562f7800 nmethod 34 0x000000000259a610 code [0x000000000259a780, 0x000000000259aab0]
Event: 0.211 Thread 0x00000000562f7800   35       3       java.io.DataInputStream::readByte (23 bytes)
Event: 0.211 Thread 0x00000000562f7800 nmethod 35 0x000000000259abd0 code [0x000000000259ad60, 0x000000000259b038]
Event: 0.211 Thread 0x00000000562f7800   36       3       sun.util.calendar.ZoneInfoFile::indexOf (32 bytes)
Event: 0.211 Thread 0x00000000562f7800 nmethod 36 0x000000000259b150 code [0x000000000259b2c0, 0x000000000259b530]
Event: 0.220 Thread 0x00000000562f7800   37       3       java.util.zip.CRC32::update (16 bytes)
Event: 0.220 Thread 0x00000000562f7800 nmethod 37 0x000000000259bad0 code [0x000000000259bc20, 0x000000000259bdb0]
Event: 0.220 Thread 0x00000000562f7800   38       3       sun.util.calendar.ZoneInfoFile$Checksum::update (39 bytes)
Event: 0.220 Thread 0x00000000562f7800 nmethod 38 0x000000000259be50 code [0x000000000259bfc0, 0x000000000259c2b0]

GC Heap History (0 events):
No events

Deoptimization events (0 events):
No events

Internal exceptions (3 events):
Event: 0.098 Thread 0x0000000001ef8000 Exception <a 'java/lang/NoSuchMethodError': Method sun.misc.Unsafe.defineClass(Ljava/lang/String;[BII)Ljava/lang/Class; name or signature does not match> (0x00000000eab0c9e0) thrown at [D:\re\workspace\8-2-build-windows-amd64-cygwin\jdk8u25\1677\hotspot\sròª®™’9¹?
Event: 0.099 Thread 0x0000000001ef8000 Exception <a 'java/lang/NoSuchMethodError': Method sun.misc.Unsafe.prefetchRead(Ljava/lang/Object;J)V name or signature does not match> (0x00000000eab0cc70) thrown at [D:\re\workspace\8-2-build-windows-amd64-cygwin\jdk8u25\1677\hotspot\src\share\vm\prims\j;>Ë4UÒÇ?
Event: 0.186 Thread 0x0000000001ef8000 Exception <a 'java/security/PrivilegedActionException'> (0x00000000eababe90) thrown at [D:\re\workspace\8-2-build-windows-amd64-cygwin\jdk8u25\1677\hotspot\src\share\vm\prims\jvm.cpp, line 1312]

Events (10 events):
Event: 0.221 loading class java/util/zip/ZipFile$ZipFileInputStream
Event: 0.221 loading class java/util/zip/ZipFile$ZipFileInputStream done
Event: 0.221 loading class java/util/zip/Inflater
Event: 0.221 loading class java/util/zip/Inflater done
Event: 0.221 loading class java/util/zip/ZStreamRef
Event: 0.221 loading class java/util/zip/ZStreamRef done
Event: 0.221 loading class java/util/zip/ZipFile$ZipFileInflaterInputStream
Event: 0.221 loading class java/util/zip/InflaterInputStream
Event: 0.222 loading class java/util/zip/InflaterInputStream done
Event: 0.222 loading class java/util/zip/ZipFile$ZipFileInflaterInputStream done


Dynamic libraries:
0x000000013f8f0000 - 0x000000013f924000 	C:\Program Files\Java\jdk1.8.0_25\bin\java.exe
0x0000000077030000 - 0x00000000771d9000 	C:\Windows\SYSTEM32\ntdll.dll
0x0000000076f10000 - 0x000000007702f000 	C:\Windows\system32\kernel32.dll
0x000007fefd0f0000 - 0x000007fefd15c000 	C:\Windows\system32\KERNELBASE.dll
0x000007fefe520000 - 0x000007fefe5fb000 	C:\Windows\system32\ADVAPI32.dll
0x000007fefeb60000 - 0x000007fefebff000 	C:\Windows\system32\msvcrt.dll
0x000007fefdf80000 - 0x000007fefdf9f000 	C:\Windows\SYSTEM32\sechost.dll
0x000007fefe600000 - 0x000007fefe72d000 	C:\Windows\system32\RPCRT4.dll
0x0000000076e10000 - 0x0000000076f0a000 	C:\Windows\system32\USER32.dll
0x000007fefeca0000 - 0x000007fefed07000 	C:\Windows\system32\GDI32.dll
0x000007fefd1b0000 - 0x000007fefd1be000 	C:\Windows\system32\LPK.dll
0x000007fefea90000 - 0x000007fefeb59000 	C:\Windows\system32\USP10.dll
0x000007fefb720000 - 0x000007fefb914000 	C:\Windows\WinSxS\amd64_microsoft.windows.common-controls_6595b64144ccf1df_6.0.7601.18837_none_fa3b1e3d17594757\COMCTL32.dll
0x000007fefe9b0000 - 0x000007fefea21000 	C:\Windows\system32\SHLWAPI.dll
0x000007fefd1c0000 - 0x000007fefd1ee000 	C:\Windows\system32\IMM32.DLL
0x000007feff230000 - 0x000007feff339000 	C:\Windows\system32\MSCTF.dll
0x0000000074b30000 - 0x0000000074b68000 	C:\PROGRA~2\Sophos\SOPHOS~1\SOPHOS~2.DLL
0x00000000771f0000 - 0x00000000771f7000 	C:\Windows\system32\PSAPI.DLL
0x0000000065d80000 - 0x0000000065e52000 	C:\Program Files\Java\jdk1.8.0_25\jre\bin\msvcr100.dll
0x0000000062890000 - 0x00000000630ea000 	C:\Program Files\Java\jdk1.8.0_25\jre\bin\server\jvm.dll
0x000007fef9d00000 - 0x000007fef9d09000 	C:\Windows\system32\WSOCK32.dll
0x000007fefdfa0000 - 0x000007fefdfed000 	C:\Windows\system32\WS2_32.dll
0x000007fefd1a0000 - 0x000007fefd1a8000 	C:\Windows\system32\NSI.dll
0x000007fef7b60000 - 0x000007fef7b9b000 	C:\Windows\system32\WINMM.dll
0x0000000068ab0000 - 0x0000000068abf000 	C:\Program Files\Java\jdk1.8.0_25\jre\bin\verify.dll
0x0000000068a80000 - 0x0000000068aa8000 	C:\Program Files\Java\jdk1.8.0_25\jre\bin\java.dll
0x0000000068a60000 - 0x0000000068a76000 	C:\Program Files\Java\jdk1.8.0_25\jre\bin\zip.dll
0x000007fefd1f0000 - 0x000007fefdf79000 	C:\Windows\system32\SHELL32.dll
0x000007feff020000 - 0x000007feff223000 	C:\Windows\system32\ole32.dll
0x000007fefcde0000 - 0x000007fefcdef000 	C:\Windows\system32\profapi.dll

VM Arguments:
jvm_args: -Xmx1024M -Dfile.encoding=windows-1252 -Duser.country=US -Duser.language=en -Duser.variant 
java_command: com.android.dx.command.Main --dex --output C:\Users\mnjy\hackmit\app\build\intermediates\pre-dexed\debug\classes-1e8b8278ba324b09e7666a792616d94040b35235.jar C:\Users\mnjy\hackmit\app\build\intermediates\exploded-aar\com.android.support\support-v4\22.0.0\jars\classes.jar
java_class_path (initial): C:\Users\mnjy\AndroidSDK\build-tools\19.1.0\lib\dx.jar
Launcher Type: SUN_STANDARD

Environment Variables:
CLASSPATH=C:\Program Files (x86)\OpenNI\Bin\org.OpenNI.jar
PATH=C:\Python27\;C:\Python27\Scripts;C:\Program Files\Common Files\Microsoft Shared\Windows Live;C:\Program Files (x86)\Common Files\Microsoft Shared\Windows Live;C:\ProgramData\Oracle\Java\javapath;C:\Program Files (x86)\Intel\iCLS Client\;C:\Program Files\Intel\iCLS Client\;C:\Windows\system32;C:\Windows;C:\Windows\System32\Wbem;C:\Windows\System32\WindowsPowerShell\v1.0\;C:\Program Files\Intel\Intel(R) Management Engine Components\DAL;C:\Program Files\Intel\Intel(R) Management Engine Components\IPT;C:\Program Files (x86)\Intel\Intel(R) Management Engine Components\DAL;C:\Program Files (x86)\Intel\Intel(R) Management Engine Components\IPT;C:\Program Files\Intel\WiFi\bin\;C:\Program Files\Common Files\Intel\WirelessCommon\;C:\Program Files\Lenovo\Fingerprint Manager Pro\;C:\Program Files (x86)\Common Files\Lenovo;C:\Program Files (x86)\Common Files\lenovo\easyplussdk\bin;C:\ProgramData\Lenovo\ReadyApps;C:\Program Files (x86)\Git\cmd;C:\Program Files (x86)\Windows Live\Shared;C:\Program Files (x86)\MiKTeX 2.9\miktex\bin\;C:\Program Files (x86)\PharosSystems\Core;C:\Program Files (x86)\QuickTime\QTSystem\;C:\Program Files\SlikSvn\bin;C:\Python34;C:\Anaconda;C:\Anaconda\Scripts;C:\Program Files (x86)\OpenNI\Bin;C:\Program Files (x86)\PrimeSense\NITE\bin;C:\Program Files (x86)\Skype\Phone\
USERNAME=mnjy
OS=Windows_NT
PROCESSOR_IDENTIFIER=Intel64 Family 6 Model 69 Stepping 1, GenuineIntel



---------------  S Y S T E M  ---------------

OS: Windows 7 , 64 bit Build 7601 Service Pack 1

CPU:total 4 (2 cores per cpu, 2 threads per core) family 6 model 69 stepping 1, cmov, cx8, fxsr, mmx, sse, sse2, sse3, ssse3, sse4.1, sse4.2, popcnt, avx, avx2, aes, clmul, erms, lzcnt, ht, tsc, tscinvbit, bmi1, bmi2

Memory: 4k page, physical 3890992k(438288k free), swap 4940916k(5076k free)

vm_info: Java HotSpot(TM) 64-Bit Server VM (25.25-b02) for windows-amd64 JRE (1.8.0_25-b18), built on Oct  7 2014 14:25:37 by "java_re" with MS VC++ 10.0 (VS2010)

time: Sat Sep 19 22:14:32 2015
elapsed time: 0 seconds (0d 0h 0m 0s)

